{"level":"info","message":"POST /api/login","service":"user-service","timestamp":"2024-11-27 19:35:36"}
{"level":"info","message":"POST /api/login","service":"user-service","timestamp":"2024-11-27 19:35:38"}
{"level":"info","message":"POST /api/login","service":"user-service","timestamp":"2024-11-27 19:35:39"}
{"level":"info","message":"GET /login","service":"user-service","timestamp":"2024-11-27 19:35:40"}
{"level":"info","message":"GET /api/users","service":"user-service","timestamp":"2024-11-27 19:35:40"}
{"level":"info","message":"GET /favicon.ico","service":"user-service","timestamp":"2024-11-27 19:35:40"}
{"level":"info","message":"POST /api/login","service":"user-service","timestamp":"2024-11-27 19:35:42"}
{"level":"info","message":"POST /api/login","service":"user-service","timestamp":"2024-11-27 19:36:50"}
{"level":"info","message":"POST /api/login","service":"user-service","timestamp":"2024-11-27 19:36:52"}
{"level":"info","message":"POST /api/login","service":"user-service","timestamp":"2024-11-27 19:36:53"}
{"level":"info","message":"POST /api/login","service":"user-service","timestamp":"2024-11-27 19:36:53"}
{"level":"info","message":"POST /api/login","service":"user-service","timestamp":"2024-11-27 19:36:56"}
{"level":"info","message":"GET /login","service":"user-service","timestamp":"2024-11-27 19:36:59"}
{"level":"info","message":"GET /users","service":"user-service","timestamp":"2024-11-27 19:36:59"}
{"level":"info","message":"GET /favicon.ico","service":"user-service","timestamp":"2024-11-27 19:36:59"}
{"level":"info","message":"GET /login","service":"user-service","timestamp":"2024-11-27 19:41:15"}
{"level":"info","message":"GET /users","service":"user-service","timestamp":"2024-11-27 19:41:15"}
{"level":"info","message":"GET /favicon.ico","service":"user-service","timestamp":"2024-11-27 19:41:15"}
{"level":"info","message":"GET /login","service":"user-service","timestamp":"2024-11-27 19:41:15"}
{"level":"info","message":"GET /users","service":"user-service","timestamp":"2024-11-27 19:41:15"}
{"level":"info","message":"GET /login","service":"user-service","timestamp":"2024-11-27 19:41:15"}
{"level":"info","message":"GET /users","service":"user-service","timestamp":"2024-11-27 19:41:15"}
{"level":"info","message":"GET /login","service":"user-service","timestamp":"2024-11-27 19:41:15"}
{"level":"info","message":"GET /login","service":"user-service","timestamp":"2024-11-27 19:41:16"}
{"level":"info","message":"GET /users","service":"user-service","timestamp":"2024-11-27 19:41:16"}
{"level":"info","message":"GET /users","service":"user-service","timestamp":"2024-11-27 19:41:16"}
{"level":"info","message":"GET /favicon.ico","service":"user-service","timestamp":"2024-11-27 19:41:16"}
{"level":"info","message":"POST /login","service":"user-service","timestamp":"2024-11-27 19:41:18"}
{"level":"info","message":"POST /login","service":"user-service","timestamp":"2024-11-27 19:41:32"}
{"level":"info","message":"GET /home","service":"user-service","timestamp":"2024-11-27 19:41:32"}
{"level":"info","message":"GET /favicon.ico","service":"user-service","timestamp":"2024-11-27 19:41:32"}
{"level":"info","message":"GET /users","service":"user-service","timestamp":"2024-11-27 19:41:32"}
{"level":"info","message":"GET /favicon.ico","service":"user-service","timestamp":"2024-11-27 19:41:32"}{"level":"info","message":"GET /home","service":"user-service","timestamp":"2024-11-27 19:58:58"}
{"level":"info","message":"GET /users","service":"user-service","timestamp":"2024-11-27 19:58:58"}
{"level":"info","message":"GET /favicon.ico","service":"user-service","timestamp":"2024-11-27 19:58:58"}
{"level":"info","message":"GET /home","service":"user-service","timestamp":"2024-11-27 19:59:27"}
{"level":"info","message":"GET /users","service":"user-service","timestamp":"2024-11-27 19:59:27"}
{"level":"info","message":"GET /favicon.ico","service":"user-service","timestamp":"2024-11-27 19:59:27"}
{"level":"info","message":"GET /home","service":"user-service","timestamp":"2024-11-27 19:59:29"}
{"level":"info","message":"GET /users","service":"user-service","timestamp":"2024-11-27 19:59:29"}
{"level":"info","message":"GET /favicon.ico","service":"user-service","timestamp":"2024-11-27 19:59:29"}
{"level":"info","message":"GET /home","service":"user-service","timestamp":"2024-11-27 19:59:54"}
{"level":"info","message":"GET /users","service":"user-service","timestamp":"2024-11-27 19:59:55"}
{"level":"info","message":"GET /favicon.ico","service":"user-service","timestamp":"2024-11-27 19:59:55"}
{"level":"info","message":"GET /home","service":"user-service","timestamp":"2024-11-27 19:59:57"}
{"level":"info","message":"GET /users","service":"user-service","timestamp":"2024-11-27 19:59:57"}
{"level":"info","message":"GET /favicon.ico","service":"user-service","timestamp":"2024-11-27 19:59:57"}
{"level":"info","message":"GET /home","service":"user-service","timestamp":"2024-11-27 19:59:57"}
{"level":"info","message":"GET /users","service":"user-service","timestamp":"2024-11-27 19:59:57"}
{"level":"info","message":"GET /favicon.ico","service":"user-service","timestamp":"2024-11-27 19:59:57"}
{"level":"info","message":"GET /home","service":"user-service","timestamp":"2024-11-27 19:59:57"}
{"level":"info","message":"GET /users","service":"user-service","timestamp":"2024-11-27 19:59:57"}
{"level":"info","message":"GET /favicon.ico","service":"user-service","timestamp":"2024-11-27 19:59:57"}
{"level":"info","message":"GET /home","service":"user-service","timestamp":"2024-11-27 19:59:58"}
{"level":"info","message":"GET /users","service":"user-service","timestamp":"2024-11-27 19:59:58"}
{"level":"info","message":"GET /favicon.ico","service":"user-service","timestamp":"2024-11-27 19:59:58"}
{"level":"info","message":"GET /home","service":"user-service","timestamp":"2024-11-27 19:59:58"}
{"level":"info","message":"GET /users","service":"user-service","timestamp":"2024-11-27 19:59:58"}
{"level":"info","message":"GET /favicon.ico","service":"user-service","timestamp":"2024-11-27 19:59:58"}
{"level":"info","message":"GET /home","service":"user-service","timestamp":"2024-11-27 19:59:58"}
{"level":"info","message":"GET /users","service":"user-service","timestamp":"2024-11-27 19:59:58"}
{"level":"info","message":"GET /favicon.ico","service":"user-service","timestamp":"2024-11-27 19:59:58"}
{"level":"info","message":"GET /home","service":"user-service","timestamp":"2024-11-27 19:59:58"}
{"level":"info","message":"GET /users","service":"user-service","timestamp":"2024-11-27 19:59:58"}
{"level":"info","message":"GET /favicon.ico","service":"user-service","timestamp":"2024-11-27 19:59:58"}
{"level":"info","message":"GET /home","service":"user-service","timestamp":"2024-11-27 19:59:58"}
{"level":"info","message":"GET /users","service":"user-service","timestamp":"2024-11-27 19:59:58"}
{"level":"info","message":"GET /favicon.ico","service":"user-service","timestamp":"2024-11-27 19:59:58"}
{"level":"info","message":"GET /home","service":"user-service","timestamp":"2024-11-27 19:59:59"}
{"level":"info","message":"GET /users","service":"user-service","timestamp":"2024-11-27 19:59:59"}
{"level":"info","message":"GET /favicon.ico","service":"user-service","timestamp":"2024-11-27 19:59:59"}
{"level":"info","message":"GET /home","service":"user-service","timestamp":"2024-11-27 19:59:59"}
{"level":"info","message":"GET /users","service":"user-service","timestamp":"2024-11-27 19:59:59"}
{"level":"info","message":"GET /favicon.ico","service":"user-service","timestamp":"2024-11-27 19:59:59"}
{"level":"info","message":"GET /users","service":"user-service","timestamp":"2024-11-27 20:00:00"}
{"level":"info","message":"GET /favicon.ico","service":"user-service","timestamp":"2024-11-27 20:00:00"}
{"level":"info","message":"GET /favicon.ico","service":"user-service","timestamp":"2024-11-27 20:00:05"}
{"level":"info","message":"GET /notification","service":"user-service","timestamp":"2024-11-27 20:02:49"}
{"level":"info","message":"GET /users","service":"user-service","timestamp":"2024-11-27 20:02:49"}
{"level":"info","message":"GET /favicon.ico","service":"user-service","timestamp":"2024-11-27 20:02:49"}
{"level":"info","message":"GET /notification","service":"user-service","timestamp":"2024-11-27 20:02:50"}
{"level":"info","message":"GET /users","service":"user-service","timestamp":"2024-11-27 20:02:50"}
{"level":"info","message":"GET /favicon.ico","service":"user-service","timestamp":"2024-11-27 20:02:50"}
{"level":"info","message":"GET /notification","service":"user-service","timestamp":"2024-11-27 20:02:50"}
{"level":"info","message":"GET /users","service":"user-service","timestamp":"2024-11-27 20:02:50"}
{"level":"info","message":"GET /favicon.ico","service":"user-service","timestamp":"2024-11-27 20:02:50"}
{"level":"info","message":"GET /notification","service":"user-service","timestamp":"2024-11-27 20:02:50"}
{"level":"info","message":"GET /users","service":"user-service","timestamp":"2024-11-27 20:02:50"}
{"level":"info","message":"GET /favicon.ico","service":"user-service","timestamp":"2024-11-27 20:02:50"}
{"level":"info","message":"GET /notification","service":"user-service","timestamp":"2024-11-27 20:02:50"}
{"level":"info","message":"GET /users","service":"user-service","timestamp":"2024-11-27 20:02:50"}
{"level":"info","message":"GET /favicon.ico","service":"user-service","timestamp":"2024-11-27 20:02:50"}
{"level":"info","message":"GET /notification","service":"user-service","timestamp":"2024-11-27 20:02:50"}
{"level":"info","message":"GET /users","service":"user-service","timestamp":"2024-11-27 20:02:50"}
{"level":"info","message":"GET /favicon.ico","service":"user-service","timestamp":"2024-11-27 20:02:50"}
{"level":"info","message":"GET /notification","service":"user-service","timestamp":"2024-11-27 20:02:51"}
{"level":"info","message":"GET /users","service":"user-service","timestamp":"2024-11-27 20:02:51"}
{"level":"info","message":"GET /favicon.ico","service":"user-service","timestamp":"2024-11-27 20:02:51"}
{"level":"info","message":"GET /notification","service":"user-service","timestamp":"2024-11-27 20:02:51"}
{"level":"info","message":"GET /users","service":"user-service","timestamp":"2024-11-27 20:02:51"}
{"level":"info","message":"GET /favicon.ico","service":"user-service","timestamp":"2024-11-27 20:02:51"}
{"level":"info","message":"GET /notification","service":"user-service","timestamp":"2024-11-27 20:02:51"}
{"level":"info","message":"GET /users","service":"user-service","timestamp":"2024-11-27 20:02:51"}
{"level":"info","message":"GET /favicon.ico","service":"user-service","timestamp":"2024-11-27 20:02:51"}
{"level":"info","message":"GET /users","service":"user-service","timestamp":"2024-11-27 20:02:58"}
{"level":"info","message":"GET /favicon.ico","service":"user-service","timestamp":"2024-11-27 20:02:58"}
{"level":"info","message":"GET /login","service":"user-service","timestamp":"2024-11-27 20:03:09"}
{"level":"info","message":"GET /users","service":"user-service","timestamp":"2024-11-27 20:03:09"}
{"level":"info","message":"GET /login","service":"user-service","timestamp":"2024-11-27 20:03:09"}
{"level":"info","message":"GET /favicon.ico","service":"user-service","timestamp":"2024-11-27 20:03:09"}
{"level":"info","message":"GET /users","service":"user-service","timestamp":"2024-11-27 20:03:09"}
{"level":"info","message":"GET /login","service":"user-service","timestamp":"2024-11-27 20:03:09"}
{"level":"info","message":"GET /users","service":"user-service","timestamp":"2024-11-27 20:03:09"}
{"level":"info","message":"GET /login","service":"user-service","timestamp":"2024-11-27 20:03:09"}
{"level":"info","message":"GET /users","service":"user-service","timestamp":"2024-11-27 20:03:09"}
{"level":"info","message":"GET /login","service":"user-service","timestamp":"2024-11-27 20:03:09"}
{"level":"info","message":"GET /login","service":"user-service","timestamp":"2024-11-27 20:03:10"}
{"level":"info","message":"GET /users","service":"user-service","timestamp":"2024-11-27 20:03:10"}
{"level":"info","message":"GET /login","service":"user-service","timestamp":"2024-11-27 20:03:10"}
{"level":"info","message":"GET /login","service":"user-service","timestamp":"2024-11-27 20:03:10"}
{"level":"info","message":"GET /users","service":"user-service","timestamp":"2024-11-27 20:03:10"}
{"level":"info","message":"GET /login","service":"user-service","timestamp":"2024-11-27 20:03:10"}
{"level":"info","message":"GET /users","service":"user-service","timestamp":"2024-11-27 20:03:10"}
{"level":"info","message":"GET /favicon.ico","service":"user-service","timestamp":"2024-11-27 20:03:10"}
{"level":"info","message":"GET /favicon.ico","service":"user-service","timestamp":"2024-11-27 20:03:14"}
{"level":"info","message":"GET /home","service":"user-service","timestamp":"2024-11-27 20:06:22"}
{"level":"info","message":"GET /users","service":"user-service","timestamp":"2024-11-27 20:06:22"}
{"level":"info","message":"GET /favicon.ico","service":"user-service","timestamp":"2024-11-27 20:06:22"}
{"level":"info","message":"GET /home","service":"user-service","timestamp":"2024-11-27 20:06:22"}
{"level":"info","message":"GET /users","service":"user-service","timestamp":"2024-11-27 20:06:23"}
{"level":"info","message":"GET /favicon.ico","service":"user-service","timestamp":"2024-11-27 20:06:23"}
{"level":"info","message":"GET /home","service":"user-service","timestamp":"2024-11-27 20:06:23"}
{"level":"info","message":"GET /users","service":"user-service","timestamp":"2024-11-27 20:06:23"}
{"level":"info","message":"GET /favicon.ico","service":"user-service","timestamp":"2024-11-27 20:06:23"}
{"level":"info","message":"GET /home","service":"user-service","timestamp":"2024-11-27 20:06:23"}
{"level":"info","message":"GET /users","service":"user-service","timestamp":"2024-11-27 20:06:23"}
{"level":"info","message":"GET /favicon.ico","service":"user-service","timestamp":"2024-11-27 20:06:23"}
{"level":"info","message":"GET /home","service":"user-service","timestamp":"2024-11-27 20:06:23"}
{"level":"info","message":"GET /users","service":"user-service","timestamp":"2024-11-27 20:06:23"}
{"level":"info","message":"GET /favicon.ico","service":"user-service","timestamp":"2024-11-27 20:06:23"}
{"level":"info","message":"GET /home","service":"user-service","timestamp":"2024-11-27 20:06:24"}
{"level":"info","message":"GET /users","service":"user-service","timestamp":"2024-11-27 20:06:24"}
{"level":"info","message":"GET /favicon.ico","service":"user-service","timestamp":"2024-11-27 20:06:24"}
{"level":"info","message":"GET /home","service":"user-service","timestamp":"2024-11-27 20:06:25"}
{"level":"info","message":"GET /users","service":"user-service","timestamp":"2024-11-27 20:06:25"}
{"level":"info","message":"GET /home","service":"user-service","timestamp":"2024-11-27 20:06:25"}
{"level":"info","message":"GET /home","service":"user-service","timestamp":"2024-11-27 20:06:25"}
{"level":"info","message":"GET /users","service":"user-service","timestamp":"2024-11-27 20:06:25"}
{"level":"info","message":"GET /users","service":"user-service","timestamp":"2024-11-27 20:06:25"}
{"level":"info","message":"GET /favicon.ico","service":"user-service","timestamp":"2024-11-27 20:06:25"}
{"level":"info","message":"GET /home","service":"user-service","timestamp":"2024-11-27 20:06:26"}
{"level":"info","message":"GET /users","service":"user-service","timestamp":"2024-11-27 20:06:26"}
{"level":"info","message":"GET /home","service":"user-service","timestamp":"2024-11-27 20:06:26"}
{"level":"info","message":"GET /favicon.ico","service":"user-service","timestamp":"2024-11-27 20:06:26"}
{"level":"info","message":"GET /users","service":"user-service","timestamp":"2024-11-27 20:06:26"}
{"level":"info","message":"GET /favicon.ico","service":"user-service","timestamp":"2024-11-27 20:06:26"}
{"level":"info","message":"GET /users","service":"user-service","timestamp":"2024-11-27 20:06:27"}
{"level":"info","message":"GET /favicon.ico","service":"user-service","timestamp":"2024-11-27 20:06:27"}
{"level":"info","message":"GET /login","service":"user-service","timestamp":"2024-11-27 20:06:30"}
{"level":"info","message":"GET /users","service":"user-service","timestamp":"2024-11-27 20:06:30"}
{"level":"info","message":"GET /login","service":"user-service","timestamp":"2024-11-27 20:06:30"}
{"level":"info","message":"GET /favicon.ico","service":"user-service","timestamp":"2024-11-27 20:06:30"}
{"level":"info","message":"GET /users","service":"user-service","timestamp":"2024-11-27 20:06:30"}
{"level":"info","message":"GET /login","service":"user-service","timestamp":"2024-11-27 20:06:30"}
{"level":"info","message":"GET /users","service":"user-service","timestamp":"2024-11-27 20:06:30"}
{"level":"info","message":"GET /login","service":"user-service","timestamp":"2024-11-27 20:06:30"}
{"level":"info","message":"GET /login","service":"user-service","timestamp":"2024-11-27 20:06:31"}
{"level":"info","message":"GET /login","service":"user-service","timestamp":"2024-11-27 20:06:31"}
{"level":"info","message":"GET /users","service":"user-service","timestamp":"2024-11-27 20:06:31"}
{"level":"info","message":"GET /favicon.ico","service":"user-service","timestamp":"2024-11-27 20:06:31"}
{"level":"info","message":"POST /login","service":"user-service","timestamp":"2024-11-27 20:06:40"}
{"level":"info","message":"GET /home","service":"user-service","timestamp":"2024-11-27 20:06:40"}
{"level":"info","message":"GET /users","service":"user-service","timestamp":"2024-11-27 20:06:40"}
{"level":"info","message":"GET /favicon.ico","service":"user-service","timestamp":"2024-11-27 20:06:41"}
{"level":"info","message":"GET /home","service":"user-service","timestamp":"2024-11-27 20:09:28"}
{"level":"info","message":"GET /users","service":"user-service","timestamp":"2024-11-27 20:09:29"}
{"level":"info","message":"GET /favicon.ico","service":"user-service","timestamp":"2024-11-27 20:09:29"}
{"level":"info","message":"GET /home","service":"user-service","timestamp":"2024-11-27 20:09:30"}
{"level":"info","message":"GET /users","service":"user-service","timestamp":"2024-11-27 20:09:30"}
{"level":"info","message":"GET /favicon.ico","service":"user-service","timestamp":"2024-11-27 20:09:30"}
{"level":"info","message":"GET /home","service":"user-service","timestamp":"2024-11-27 20:09:30"}
{"level":"info","message":"GET /users","service":"user-service","timestamp":"2024-11-27 20:09:31"}
{"level":"info","message":"GET /home","service":"user-service","timestamp":"2024-11-27 20:09:31"}
{"level":"info","message":"GET /favicon.ico","service":"user-service","timestamp":"2024-11-27 20:09:31"}
{"level":"info","message":"GET /users","service":"user-service","timestamp":"2024-11-27 20:09:31"}
{"level":"info","message":"GET /favicon.ico","service":"user-service","timestamp":"2024-11-27 20:09:31"}
{"level":"info","message":"GET /home","service":"user-service","timestamp":"2024-11-27 20:09:31"}
{"level":"info","message":"GET /users","service":"user-service","timestamp":"2024-11-27 20:09:31"}
{"level":"info","message":"GET /favicon.ico","service":"user-service","timestamp":"2024-11-27 20:09:31"}
{"level":"info","message":"GET /home","service":"user-service","timestamp":"2024-11-27 20:09:32"}
{"level":"info","message":"GET /users","service":"user-service","timestamp":"2024-11-27 20:09:32"}
{"level":"info","message":"GET /favicon.ico","service":"user-service","timestamp":"2024-11-27 20:09:32"}
{"level":"info","message":"GET /home","service":"user-service","timestamp":"2024-11-27 20:09:32"}
{"level":"info","message":"GET /users","service":"user-service","timestamp":"2024-11-27 20:09:33"}
{"level":"info","message":"GET /favicon.ico","service":"user-service","timestamp":"2024-11-27 20:09:33"}
{"level":"info","message":"GET /favicon.ico","service":"user-service","timestamp":"2024-11-27 20:09:35"}
{"level":"info","message":"GET /users","service":"user-service","timestamp":"2024-11-27 20:09:38"}
{"level":"info","message":"GET /favicon.ico","service":"user-service","timestamp":"2024-11-27 20:09:38"}
{"level":"info","message":"GET /users","service":"user-service","timestamp":"2024-11-27 20:14:37"}
{"level":"info","message":"GET /favicon.ico","service":"user-service","timestamp":"2024-11-27 20:14:37"}
{"level":"info","message":"GET /login","service":"user-service","timestamp":"2024-11-27 20:54:43"}
{"level":"info","message":"GET /users","service":"user-service","timestamp":"2024-11-27 20:54:43"}
{"level":"info","message":"GET /favicon.ico","service":"user-service","timestamp":"2024-11-27 20:54:43"}
{"level":"info","message":"POST /login","service":"user-service","timestamp":"2024-11-27 20:54:46"}
{"level":"info","message":"POST /login","service":"user-service","timestamp":"2024-11-27 20:54:49"}
{"level":"info","message":"GET /home","service":"user-service","timestamp":"2024-11-27 20:54:50"}
{"level":"info","message":"GET /favicon.ico","service":"user-service","timestamp":"2024-11-27 20:54:50"}
{"level":"info","message":"GET /users","service":"user-service","timestamp":"2024-11-27 20:54:50"}
{"level":"info","message":"GET /favicon.ico","service":"user-service","timestamp":"2024-11-27 20:54:50"}
{"level":"info","message":"GET /home","service":"user-service","timestamp":"2024-11-27 20:56:27"}
{"level":"info","message":"GET /users","service":"user-service","timestamp":"2024-11-27 20:56:27"}
{"level":"info","message":"GET /home","service":"user-service","timestamp":"2024-11-27 20:56:27"}
{"level":"info","message":"GET /users","service":"user-service","timestamp":"2024-11-27 20:56:27"}
{"level":"info","message":"GET /favicon.ico","service":"user-service","timestamp":"2024-11-27 20:56:27"}
{"level":"info","message":"GET /home","service":"user-service","timestamp":"2024-11-27 21:21:46"}
{"level":"info","message":"GET /api/users","service":"user-service","timestamp":"2024-11-27 21:21:46"}
{"level":"info","message":"GET /home","service":"user-service","timestamp":"2024-11-27 21:21:46"}
{"level":"info","message":"GET /api/users","service":"user-service","timestamp":"2024-11-27 21:21:46"}
{"level":"info","message":"GET /favicon.ico","service":"user-service","timestamp":"2024-11-27 21:21:46"}
{"level":"info","message":"GET /home","service":"user-service","timestamp":"2024-11-27 21:21:48"}
{"level":"info","message":"GET /api/users","service":"user-service","timestamp":"2024-11-27 21:21:48"}
{"level":"info","message":"GET /favicon.ico","service":"user-service","timestamp":"2024-11-27 21:21:48"}
{"level":"info","message":"GET /home","service":"user-service","timestamp":"2024-11-27 21:21:49"}
{"level":"info","message":"GET /api/users","service":"user-service","timestamp":"2024-11-27 21:21:49"}
{"level":"info","message":"GET /favicon.ico","service":"user-service","timestamp":"2024-11-27 21:21:49"}
{"level":"info","message":"GET /favicon.ico","service":"user-service","timestamp":"2024-11-27 21:24:13"}
{"level":"info","message":"GET /favicon.ico","service":"user-service","timestamp":"2024-11-27 21:24:15"}
{"level":"info","message":"GET /api/users","service":"user-service","timestamp":"2024-11-27 21:24:15"}
{"level":"info","message":"GET /home","service":"user-service","timestamp":"2024-11-27 21:24:27"}
{"level":"info","message":"GET /api/users","service":"user-service","timestamp":"2024-11-27 21:24:27"}
{"level":"info","message":"GET /home","service":"user-service","timestamp":"2024-11-27 21:24:27"}
{"level":"info","message":"GET /api/users","service":"user-service","timestamp":"2024-11-27 21:24:27"}
{"level":"info","message":"GET /home","service":"user-service","timestamp":"2024-11-27 21:24:27"}
{"level":"info","message":"GET /api/users","service":"user-service","timestamp":"2024-11-27 21:24:27"}
{"level":"info","message":"GET /home","service":"user-service","timestamp":"2024-11-27 21:24:27"}
{"level":"info","message":"GET /home","service":"user-service","timestamp":"2024-11-27 21:24:28"}
{"level":"info","message":"GET /api/users","service":"user-service","timestamp":"2024-11-27 21:24:28"}
{"level":"info","message":"GET /api/users","service":"user-service","timestamp":"2024-11-27 21:24:28"}
{"level":"info","message":"GET /favicon.ico","service":"user-service","timestamp":"2024-11-27 21:24:28"}
{"level":"info","message":"POST /api/logout","service":"user-service","timestamp":"2024-11-27 21:24:29"}
{"level":"info","message":"GET /favicon.ico","service":"user-service","timestamp":"2024-11-27 21:24:29"}
{"level":"info","message":"POST /api/login","service":"user-service","timestamp":"2024-11-27 21:24:33"}
{"level":"info","message":"GET /home","service":"user-service","timestamp":"2024-11-27 21:24:33"}
{"level":"info","message":"GET /favicon.ico","service":"user-service","timestamp":"2024-11-27 21:24:33"}
{"level":"info","message":"GET /api/users","service":"user-service","timestamp":"2024-11-27 21:24:33"}
{"level":"info","message":"GET /favicon.ico","service":"user-service","timestamp":"2024-11-27 21:24:33"}
{"level":"info","message":"GET /api/login","service":"user-service","timestamp":"2024-11-27 21:25:49"}
{"level":"info","message":"GET /favicon.ico","service":"user-service","timestamp":"2024-11-27 21:25:49"}
{"level":"info","message":"GET /api/","service":"user-service","timestamp":"2024-11-27 21:25:59"}
{"level":"info","message":"GET /favicon.ico","service":"user-service","timestamp":"2024-11-27 21:25:59"}
{"level":"info","message":"GET /api/","service":"user-service","timestamp":"2024-11-27 21:26:23"}
{"level":"info","message":"GET /favicon.ico","service":"user-service","timestamp":"2024-11-27 21:26:23"}
{"level":"info","message":"GET /favicon.ico","service":"user-service","timestamp":"2024-11-27 21:28:30"}
